                                     ======================
                                        ALPSO 1.1 (Serial)
                                     ======================

Parameters:
-------------------------------------------------------------------------------------------------
Swarmsize           :       40    MaxOuterIters     :      200    Seed:       1510780717.84624696
Cognitive Parameter :    2.000    MaxInnerIters     :        6    Scaling            :          1
Social Parameter    :    1.000    MinInnerIters     :        6    Stopping Criteria  :          1
Initial Weight      :    0.990    DynInnerIters     :        0    Number of Failures :         15
Final Weight        :    0.550    StoppingIters     :        5    Number of Successes:          5

Absolute Tolerance  : 1.00e-02    Number Initial Pos:        1    Neighbourhood Model:      gbest
Relative Tolerance  : 1.00e-02    Initial Velocity  :        1    Neighbourhood Size :         40
Inequality Tolerance: 1.00e-03    Maximum Velocity  :        2    Selfless           :          1
Equality Tolerance  : 1.00e-03    Craziness Velocity: 1.00e-04    Fileout            :          1
Global Distance     : 1.00e-01    Initial Penalty   :     1.00    File Name          :  ALPSO.out
-------------------------------------------------------------------------------------------------


================================================================================

NUMBER OF ITERATIONS: 1

NUMBER OF OBJECTIVE FUNCTION EVALUATIONS: 280

OBJECTIVE FUNCTION VALUE:
	F = 2.638322523946159

EQUALITY CONSTRAINTS VALUES:

INEQUALITY CONSTRAINTS VALUES:
	G(0) = 0.5541113132790025
	G(1) = -1.797693134862316e+308
	G(2) = -20.57144695765415
	G(3) = -1.797693134862316e+308

LAGRANGIAN MULTIPLIERS VALUES:
	L(0) = 0
	L(1) = 0
	L(2) = 0
	L(3) = 0

PENALTY FACTOR:
	rp(0) = 1
	rp(1) = 1
	rp(2) = 1
	rp(3) = 1

BEST POSITION:
	P(0) = 0		P(1) = 1.814276521200537		P(2) = 0	

================================================================================

================================================================================

NUMBER OF ITERATIONS: 2

NUMBER OF OBJECTIVE FUNCTION EVALUATIONS: 520

OBJECTIVE FUNCTION VALUE:
	F = 3.535474886947128

EQUALITY CONSTRAINTS VALUES:

INEQUALITY CONSTRAINTS VALUES:
	G(0) = -0.3534106753467139
	G(1) = -1.797693134862316e+308
	G(2) = -20.06398156120492
	G(3) = -1.797693134862316e+308

LAGRANGIAN MULTIPLIERS VALUES:
	L(0) = 1.108222626558005
	L(1) = 0
	L(2) = 0
	L(3) = 0

PENALTY FACTOR:
	rp(0) = 16.6449889347966
	rp(1) = 1
	rp(2) = 1
	rp(3) = 1

BEST POSITION:
	P(0) = 0.05038261841428948		P(1) = 2.061609018378418		P(2) = 0	

================================================================================

================================================================================

NUMBER OF ITERATIONS: 3

NUMBER OF OBJECTIVE FUNCTION EVALUATIONS: 760

OBJECTIVE FUNCTION VALUE:
	F = 3.126755991585923

EQUALITY CONSTRAINTS VALUES:

INEQUALITY CONSTRAINTS VALUES:
	G(0) = 0.0574093838819052
	G(1) = -1.797693134862316e+308
	G(2) = -20.27716556386556
	G(3) = -1.797693134862316e+308

LAGRANGIAN MULTIPLIERS VALUES:
	L(0) = 0
	L(1) = 0
	L(2) = 0
	L(3) = 0

PENALTY FACTOR:
	rp(0) = 8.3224944673983
	rp(1) = 1
	rp(2) = 1
	rp(3) = 1

BEST POSITION:
	P(0) = 0		P(1) = 1.961417218063122		P(2) = 0	

================================================================================

================================================================================

NUMBER OF ITERATIONS: 4

NUMBER OF OBJECTIVE FUNCTION EVALUATIONS: 1000

OBJECTIVE FUNCTION VALUE:
	F = 3.177357360232786

EQUALITY CONSTRAINTS VALUES:

INEQUALITY CONSTRAINTS VALUES:
	G(0) = 0.006117273304243387
	G(1) = -1.797693134862316e+308
	G(2) = -20.24816513521417
	G(3) = -1.797693134862316e+308

LAGRANGIAN MULTIPLIERS VALUES:
	L(0) = 0.9555785594678023
	L(1) = 0
	L(2) = 0
	L(3) = 0

PENALTY FACTOR:
	rp(0) = 16.6449889347966
	rp(1) = 1
	rp(2) = 1
	rp(3) = 1

BEST POSITION:
	P(0) = 0		P(1) = 1.975917432387644		P(2) = 0	

================================================================================

================================================================================

NUMBER OF ITERATIONS: 5

NUMBER OF OBJECTIVE FUNCTION EVALUATIONS: 1240

OBJECTIVE FUNCTION VALUE:
	F = 3.187430198222249

EQUALITY CONSTRAINTS VALUES:

INEQUALITY CONSTRAINTS VALUES:
	G(0) = -0.004089992156250499
	G(1) = -1.797693134862316e+308
	G(2) = -20.24242217671468
	G(3) = -1.797693134862316e+308

LAGRANGIAN MULTIPLIERS VALUES:
	L(0) = 1.159222452388318
	L(1) = 0
	L(2) = 0
	L(3) = 0

PENALTY FACTOR:
	rp(0) = 17.02367801319913
	rp(1) = 1
	rp(2) = 1
	rp(3) = 1

BEST POSITION:
	P(0) = 0		P(1) = 1.97878891165014		P(2) = 0	

================================================================================

================================================================================

NUMBER OF ITERATIONS: 6

NUMBER OF OBJECTIVE FUNCTION EVALUATIONS: 1480

OBJECTIVE FUNCTION VALUE:
	F = 3.1840570627954

EQUALITY CONSTRAINTS VALUES:

INEQUALITY CONSTRAINTS VALUES:
	G(0) = -0.0006719519867286472
	G(1) = -1.797693134862316e+308
	G(2) = -20.24434425063524
	G(3) = -1.797693134862316e+308

LAGRANGIAN MULTIPLIERS VALUES:
	L(0) = 1.019969033299281
	L(1) = 0
	L(2) = 0
	L(3) = 0

PENALTY FACTOR:
	rp(0) = 15.96847701957892
	rp(1) = 1
	rp(2) = 1
	rp(3) = 1

BEST POSITION:
	P(0) = 0		P(1) = 1.977827874685457		P(2) = 0	

================================================================================

================================================================================

NUMBER OF ITERATIONS: 7

NUMBER OF OBJECTIVE FUNCTION EVALUATIONS: 1720

OBJECTIVE FUNCTION VALUE:
	F = 3.184694979426143

EQUALITY CONSTRAINTS VALUES:

INEQUALITY CONSTRAINTS VALUES:
	G(0) = -0.00131836945320396
	G(1) = -1.797693134862316e+308
	G(2) = -20.24398066966842
	G(3) = -1.797693134862316e+308

LAGRANGIAN MULTIPLIERS VALUES:
	L(0) = 0.9985089335826072
	L(1) = 0
	L(2) = 0
	L(3) = 0

PENALTY FACTOR:
	rp(0) = 15.79959598836792
	rp(1) = 1
	rp(2) = 1
	rp(3) = 1

BEST POSITION:
	P(0) = 0		P(1) = 1.978009665157285		P(2) = 0	

================================================================================

================================================================================

NUMBER OF ITERATIONS: 8

NUMBER OF OBJECTIVE FUNCTION EVALUATIONS: 1960

OBJECTIVE FUNCTION VALUE:
	F = 3.182712109269965

EQUALITY CONSTRAINTS VALUES:

INEQUALITY CONSTRAINTS VALUES:
	G(0) = 0.0006931522386395272
	G(1) = -1.797693134862316e+308
	G(2) = -20.2452008348198
	G(3) = -1.797693134862316e+308

LAGRANGIAN MULTIPLIERS VALUES:
	L(0) = 0.9568495241345509
	L(1) = 0
	L(2) = 0
	L(3) = 0

PENALTY FACTOR:
	rp(0) = 15.46649220197126
	rp(1) = 1
	rp(2) = 1
	rp(3) = 1

BEST POSITION:
	P(0) = 0.0003328695779405422		P(1) = 1.977355256709008		P(2) = 0	

================================================================================
